[2022-02-03 00:22:03] Executing bootstrap tasks
[2022-02-03 00:22:03] OpenJDK Runtime Environment 17.0.1+12
[2022-02-03 00:22:03] Product org.eclipse.products.epp.package.java.2021-12
[2022-02-03 00:22:03] Bundle org.eclipse.oomph.setup 1.22.0.v20211015-0620, build=5278, branch=a397d5c292b0ea2e68079e5b704e713bfeb15d34
[2022-02-03 00:22:03] Bundle org.eclipse.oomph.setup.core 1.22.0.v20211021-1010, build=5278, branch=a397d5c292b0ea2e68079e5b704e713bfeb15d34
[2022-02-03 00:22:03] Bundle org.eclipse.oomph.setup.p2 1.17.0.v20210601-0619, build=5278, branch=a397d5c292b0ea2e68079e5b704e713bfeb15d34
[2022-02-03 00:22:03] Performing P2 Director (Eclipse IDE for Java Developers (2021-12) + JRE 15.0.2)
[2022-02-03 00:22:03] Offline = false
[2022-02-03 00:22:03] Mirrors = true
[2022-02-03 00:22:03] Resolving 18 requirements from 4 repositoriesto C:\JavaCODE\eclipse
[2022-02-03 00:22:03] Requirement org.eclipse.equinox.p2.iu:org.eclipse.justj.openjdk.hotspot.jre.full.feature.group (filter=(|(&(osgi.arch=aarch64)(osgi.os=linux))(&(osgi.arch=x86_64)(osgi.os=linux))(&(osgi.arch=x86_64)(osgi.os=macosx))(&(osgi.arch=x86_64)(osgi.os=win32))))
[2022-02-03 00:22:03] Requirement org.eclipse.equinox.p2.iu:epp.package.java [4.22.0,5.0.0) (filter=(|(&(osgi.arch=aarch64)(osgi.os=linux)(osgi.ws=gtk))(&(osgi.arch=aarch64)(osgi.os=macosx)(osgi.ws=cocoa))(&(osgi.arch=x86_64)(osgi.os=linux)(osgi.ws=gtk))(&(osgi.arch=x86_64)(osgi.os=macosx)(osgi.ws=cocoa))(&(osgi.arch=x86_64)(osgi.os=win32)(osgi.ws=win32))))
[2022-02-03 00:22:03] Requirement org.eclipse.equinox.p2.iu:org.eclipse.platform.feature.group [4.22.0,5.0.0)
[2022-02-03 00:22:03] Requirement org.eclipse.equinox.p2.iu:org.eclipse.rcp.feature.group [4.22.0,5.0.0)
[2022-02-03 00:22:03] Requirement org.eclipse.equinox.p2.iu:org.eclipse.buildship.feature.group
[2022-02-03 00:22:03] Requirement org.eclipse.equinox.p2.iu:org.eclipse.eclemma.feature.feature.group
[2022-02-03 00:22:03] Requirement org.eclipse.equinox.p2.iu:org.eclipse.egit.feature.group
[2022-02-03 00:22:03] Requirement org.eclipse.equinox.p2.iu:org.eclipse.epp.mpc.feature.group
[2022-02-03 00:22:03] Requirement org.eclipse.equinox.p2.iu:org.eclipse.jdt.feature.group
[2022-02-03 00:22:03] Requirement org.eclipse.equinox.p2.iu:org.eclipse.jgit.feature.group
[2022-02-03 00:22:03] Requirement org.eclipse.equinox.p2.iu:org.eclipse.m2e.feature.feature.group
[2022-02-03 00:22:03] Requirement org.eclipse.equinox.p2.iu:org.eclipse.m2e.lemminx.feature.feature.group
[2022-02-03 00:22:03] Requirement org.eclipse.equinox.p2.iu:org.eclipse.m2e.logback.feature.feature.group
[2022-02-03 00:22:03] Requirement org.eclipse.equinox.p2.iu:org.eclipse.mylyn.wikitext.editors_feature.feature.group
[2022-02-03 00:22:03] Requirement org.eclipse.equinox.p2.iu:org.eclipse.tips.feature.feature.group
[2022-02-03 00:22:03] Requirement org.eclipse.equinox.p2.iu:org.eclipse.tm.terminal.feature.feature.group
[2022-02-03 00:22:03] Requirement org.eclipse.equinox.p2.iu:org.eclipse.wildwebdeveloper.xml.feature.feature.group
[2022-02-03 00:22:03] Requirement org.eclipse.equinox.p2.iu:org.eclipse.oomph.setup.feature.group
[2022-02-03 00:22:03] Repository https://download.eclipse.org/justj/jres/15/updates/release/15.0.2
[2022-02-03 00:22:03] Repository https://download.eclipse.org/technology/epp/packages/2021-12/202112021200
[2022-02-03 00:22:03] Repository https://download.eclipse.org/releases/2021-12/202112081000
[2022-02-03 00:22:03] Repository https://download.eclipse.org/oomph/updates/milestone/latest
[2022-02-03 00:22:09] Calculating requirements and dependencies.
[2022-02-03 00:22:11] Computing prerequisite plan
[2022-02-03 00:22:19] Fetching artifacts.xml.xz from https://download.eclipse.org/justj/jres/15/updates/release/15.0.2/ (3.46kB)
[2022-02-03 00:22:22] Collecting 3 artifacts from https://download.eclipse.org/justj/jres/15/updates/release/15.0.2
[2022-02-03 00:22:46] Downloading org.eclipse.justj.openjdk.hotspot.jre.full
[2022-02-03 00:22:46] Downloading org.eclipse.justj.openjdk.hotspot.jre.full.win32.x86_64
[2022-02-03 00:22:46] Downloading org.eclipse.justj.openjdk.hotspot.jre.full
[2022-02-03 00:22:48] Fetching org.eclipse.justj.openjdk.hotspot.jre.full.win32.x86_64_15.0.2.v20210201-0955.jar from https://ftp.yz.yamagata-u.ac.jp/pub/eclipse//justj/jres/15/updates/release/15.0.2/plugins/ (117.42MB)
[2022-02-03 00:22:48] Fetching org.eclipse.justj.openjdk.hotspot.jre.full_15.0.2.v20210201-0955.jar from https://ftp.yz.yamagata-u.ac.jp/pub/eclipse/justj/jres/15/updates/release/15.0.2/features/ (21.4kB)
[2022-02-03 00:22:48] Fetching org.eclipse.justj.openjdk.hotspot.jre.full.win32.x86_64_15.0.2.v20210201-0955.jar from https://ftp.yz.yamagata-u.ac.jp/pub/eclipse//justj/jres/15/updates/release/15.0.2/plugins/ (117.42MB)
[2022-02-03 00:22:48] Fetching org.eclipse.justj.openjdk.hotspot.jre.full_15.0.2.v20210201-0955.jar from https://ftp.yz.yamagata-u.ac.jp/pub/eclipse/justj/jres/15/updates/release/15.0.2/features/ (21.4kB)
[2022-02-03 00:22:48] Fetching org.eclipse.justj.openjdk.hotspot.jre.full_15.0.2.v20210201-0955.jar from https://ftp.jaist.ac.jp/pub/eclipse/justj/jres/15/updates/release/15.0.2/plugins/ (19.65kB)
[2022-02-03 00:22:49] Fetching org.eclipse.justj.openjdk.hotspot.jre.full.win32.x86_64_15.0.2.v20210201-0955.jar from https://ftp.yz.yamagata-u.ac.jp/pub/eclipse//justj/jres/15/updates/release/15.0.2/plugins/
[2022-02-03 00:32:23] Mirrored 1 artifacts from https://ftp.yz.yamagata-u.ac.jp/pub/eclipse//justj/jres/15/updates/release/15.0.2/ at 235kb/s
[2022-02-03 00:32:23] Mirrored 1 artifacts from https://ftp.yz.yamagata-u.ac.jp/pub/eclipse/justj/jres/15/updates/release/15.0.2/ at 17kb/s
[2022-02-03 00:32:23] Mirrored 1 artifacts from https://ftp.jaist.ac.jp/pub/eclipse/justj/jres/15/updates/release/15.0.2/ at 14kb/s
[2022-02-03 00:32:23] Collected 3 artifacts for https://download.eclipse.org/justj/jres/15/updates/release/15.0.2 in 600.589s
[2022-02-03 00:32:23] Collecting 3 artifacts from https://download.eclipse.org/releases/2021-12/202112081000
[2022-02-03 00:32:39] Downloading org.eclipse.platform_root
[2022-02-03 00:32:39] Downloading org.eclipse.rcp_root
[2022-02-03 00:32:39] Downloading org.eclipse.platform.ide.executable.win32.win32.x86_64
[2022-02-03 00:32:39] Collected 3 artifacts for https://download.eclipse.org/releases/2021-12/202112081000 in 16.316s
[2022-02-03 00:32:39] Collecting 1 artifacts from https://download.eclipse.org/technology/epp/packages/2021-12/202112021200
[2022-02-03 00:32:39] Downloading epp.package.java.executable.win32.win32.x86_64
[2022-02-03 00:32:39] Collected 1 artifacts for https://download.eclipse.org/technology/epp/packages/2021-12/202112021200 in 0.002s
